> Task :clean UP-TO-DATE

> Task :compileJava
/Users/forrest/Documents/GitHub/rundeck-plugins/aws-s3-model-source/src/main/java/com/rundeck/plugins/aws/S3Base.java:230: warning: [deprecation] AmazonS3Client(AWSCredentials,ClientConfiguration) in AmazonS3Client has been deprecated
                    amazonS3 = new AmazonS3Client(new BasicAWSCredentials(this.AWSAccessKeyId, this.AWSSecretKey), config);
                               ^
/Users/forrest/Documents/GitHub/rundeck-plugins/aws-s3-model-source/src/main/java/com/rundeck/plugins/aws/S3Base.java:232: warning: [deprecation] AmazonS3Client(AWSCredentials) in AmazonS3Client has been deprecated
                    amazonS3 = new AmazonS3Client(this);
                               ^
/Users/forrest/Documents/GitHub/rundeck-plugins/aws-s3-model-source/src/main/java/com/rundeck/plugins/aws/S3Base.java:238: warning: [deprecation] AmazonS3Client(AWSCredentials,ClientConfiguration) in AmazonS3Client has been deprecated
                    amazonS3 = new AmazonS3Client(cred, opts);
                               ^
/Users/forrest/Documents/GitHub/rundeck-plugins/aws-s3-model-source/src/main/java/com/rundeck/plugins/aws/S3Base.java:240: warning: [deprecation] AmazonS3Client(AWSCredentials) in AmazonS3Client has been deprecated
                    amazonS3 = new AmazonS3Client(cred);
                               ^
/Users/forrest/Documents/GitHub/rundeck-plugins/aws-s3-model-source/src/main/java/com/rundeck/plugins/aws/S3Base.java:246: warning: [deprecation] AmazonS3Client(ClientConfiguration) in AmazonS3Client has been deprecated
                    amazonS3 = new AmazonS3Client(opts);
                               ^
/Users/forrest/Documents/GitHub/rundeck-plugins/aws-s3-model-source/src/main/java/com/rundeck/plugins/aws/S3Base.java:248: warning: [deprecation] AmazonS3Client() in AmazonS3Client has been deprecated
                    amazonS3 = new AmazonS3Client();
                               ^
/Users/forrest/Documents/GitHub/rundeck-plugins/aws-s3-model-source/src/main/java/com/rundeck/plugins/aws/S3ResourceModelSource.java:181: warning: [deprecation] ENFORCE_S3_SIGV4_SYSTEM_PROPERTY in SDKGlobalConfiguration has been deprecated
            System.setProperty(SDKGlobalConfiguration.ENFORCE_S3_SIGV4_SYSTEM_PROPERTY, "true");
                                                     ^
/Users/forrest/Documents/GitHub/rundeck-plugins/aws-s3-model-source/src/main/java/com/rundeck/plugins/aws/S3ResourceModelSource.java:196: warning: [deprecation] S3ClientOptions() in S3ClientOptions has been deprecated
            S3ClientOptions clientOptions = new S3ClientOptions();
                                            ^
/Users/forrest/Documents/GitHub/rundeck-plugins/aws-s3-model-source/src/main/java/com/rundeck/plugins/aws/S3ResourceModelSource.java:197: warning: [deprecation] setPathStyleAccess(boolean) in S3ClientOptions has been deprecated
            clientOptions.setPathStyleAccess(Boolean.valueOf(properties.getProperty(PATHSTYLE)));
                         ^
9 warnings

> Task :compileGroovy NO-SOURCE
> Task :processResources NO-SOURCE
> Task :classes
> Task :copyToLib
> Task :jar

> Task :javadoc
/Users/forrest/Documents/GitHub/rundeck-plugins/aws-s3-model-source/src/main/java/com/rundeck/plugins/aws/S3Base.java:51: warning: no comment
public class S3Base implements AWSCredentials,ResourceModelSource, WriteableModelSource {
       ^
/Users/forrest/Documents/GitHub/rundeck-plugins/aws-s3-model-source/src/main/java/com/rundeck/plugins/aws/S3Base.java:85: warning: no comment
    public S3Base(String bucket, String filePath,
           ^
/Users/forrest/Documents/GitHub/rundeck-plugins/aws-s3-model-source/src/main/java/com/rundeck/plugins/aws/S3Base.java:81: warning: no comment
    public void setAmazonS3(AmazonS3 amazonS3){
                ^
/Users/forrest/Documents/GitHub/rundeck-plugins/aws-s3-model-source/src/main/java/com/rundeck/plugins/aws/S3Base.java:99: warning: no comment
    public void setCredentials(PropertiesCredentials cred){
                ^
/Users/forrest/Documents/GitHub/rundeck-plugins/aws-s3-model-source/src/main/java/com/rundeck/plugins/aws/S3Base.java:93: warning: no comment
    public void setCredentials(String AWSAccessKeyId, String AWSSecretKey){
                ^
/Users/forrest/Documents/GitHub/rundeck-plugins/aws-s3-model-source/src/main/java/com/rundeck/plugins/aws/S3Base.java:113: warning: no comment
    public void setEndpoint(String endpoint){
                ^
/Users/forrest/Documents/GitHub/rundeck-plugins/aws-s3-model-source/src/main/java/com/rundeck/plugins/aws/S3Base.java:104: warning: no comment
    public void setRegion(String region){
                ^
/Users/forrest/Documents/GitHub/rundeck-plugins/aws-s3-model-source/src/main/java/com/rundeck/plugins/aws/S3Base.java:118: warning: no comment
    public void setS3ClientOptions(S3ClientOptions clientOptions){
                ^
/Users/forrest/Documents/GitHub/rundeck-plugins/aws-s3-model-source/src/main/java/com/rundeck/plugins/aws/S3Base.java:123: warning: no comment
    public void setUseSigV2() {
                ^
/Users/forrest/Documents/GitHub/rundeck-plugins/aws-s3-model-source/src/main/java/com/rundeck/plugins/aws/S3Base.java:109: warning: no comment
    public void setWritable(){
                ^
/Users/forrest/Documents/GitHub/rundeck-plugins/aws-s3-model-source/src/main/java/com/rundeck/plugins/aws/S3ResourceModelSource.java:43: warning: no comment
public class S3ResourceModelSource implements ResourceModelSourceFactory,Describable {
       ^
/Users/forrest/Documents/GitHub/rundeck-plugins/aws-s3-model-source/src/main/java/com/rundeck/plugins/aws/S3ResourceModelSource.java:52: warning: no comment
    public static final String BUCKET = "bucket";
                               ^
/Users/forrest/Documents/GitHub/rundeck-plugins/aws-s3-model-source/src/main/java/com/rundeck/plugins/aws/S3ResourceModelSource.java:51: warning: no comment
    public static final String CREDENTIALFILE = "credential";
                               ^
/Users/forrest/Documents/GitHub/rundeck-plugins/aws-s3-model-source/src/main/java/com/rundeck/plugins/aws/S3ResourceModelSource.java:54: warning: no comment
    public static final String ENDPOINT = "endpoint";
                               ^
/Users/forrest/Documents/GitHub/rundeck-plugins/aws-s3-model-source/src/main/java/com/rundeck/plugins/aws/S3ResourceModelSource.java:60: warning: no comment
    public static final String EXTENSION = "extension";
                               ^
/Users/forrest/Documents/GitHub/rundeck-plugins/aws-s3-model-source/src/main/java/com/rundeck/plugins/aws/S3ResourceModelSource.java:59: warning: no comment
    public static final String FILE = "file";
                               ^
/Users/forrest/Documents/GitHub/rundeck-plugins/aws-s3-model-source/src/main/java/com/rundeck/plugins/aws/S3ResourceModelSource.java:55: warning: no comment
    public static final String FORCEV4 = "forcev4";
                               ^
/Users/forrest/Documents/GitHub/rundeck-plugins/aws-s3-model-source/src/main/java/com/rundeck/plugins/aws/S3ResourceModelSource.java:49: warning: no comment
    public static final String KEY = "key";
                               ^
/Users/forrest/Documents/GitHub/rundeck-plugins/aws-s3-model-source/src/main/java/com/rundeck/plugins/aws/S3ResourceModelSource.java:57: warning: no comment
    public static final String PATHSTYLE = "pathstyle";
                               ^
/Users/forrest/Documents/GitHub/rundeck-plugins/aws-s3-model-source/src/main/java/com/rundeck/plugins/aws/S3ResourceModelSource.java:44: warning: no comment
    public static final String PROVIDER_NAME = "aws-s3-source";
                               ^
/Users/forrest/Documents/GitHub/rundeck-plugins/aws-s3-model-source/src/main/java/com/rundeck/plugins/aws/S3ResourceModelSource.java:53: warning: no comment
    public static final String REGION = "region";
                               ^
/Users/forrest/Documents/GitHub/rundeck-plugins/aws-s3-model-source/src/main/java/com/rundeck/plugins/aws/S3ResourceModelSource.java:50: warning: no comment
    public static final String SECRET = "secret";
                               ^
/Users/forrest/Documents/GitHub/rundeck-plugins/aws-s3-model-source/src/main/java/com/rundeck/plugins/aws/S3ResourceModelSource.java:56: warning: no comment
    public static final String USESIGV2 = "useSigV2";
                               ^
/Users/forrest/Documents/GitHub/rundeck-plugins/aws-s3-model-source/src/main/java/com/rundeck/plugins/aws/S3ResourceModelSource.java:61: warning: no comment
    public static final String WRITABLE="writable";
                               ^
/Users/forrest/Documents/GitHub/rundeck-plugins/aws-s3-model-source/src/main/java/com/rundeck/plugins/aws/S3ResourceModelSource.java:154: warning: no comment
    public S3ResourceModelSource(final IFramework framework) {
           ^
/Users/forrest/Documents/GitHub/rundeck-plugins/aws-s3-model-source/src/main/java/com/rundeck/plugins/aws/S3ResourceModelSource.java:95: warning: no comment
    protected static Map<String, Object> getRenderOpt(String value, boolean secondary, boolean password) {
                                         ^
26 warnings

> Task :javadocJar
> Task :sourcesJar
> Task :assemble
> Task :compileTestJava NO-SOURCE
> Task :compileTestGroovy
> Task :processTestResources NO-SOURCE
> Task :testClasses
> Task :test
> Task :check
> Task :build

BUILD SUCCESSFUL in 5s
9 actionable tasks: 8 executed, 1 up-to-date
